[2025-11-23 22:06:01] [INFO ] [Login: 19] login
[2025-11-23 22:06:05] [INFO ] [Login: 36] alias: admin AUTH
[2025-11-23 22:06:05] [INFO ] [MenuAdmin: 21] menu-admin
[2025-11-23 22:33:51] [INFO ] [MenuAdminAvanzar: 23] menu-admin-avanzar
[2025-11-23 23:12:02] [INFO ] [MenuAdminGestionarUsuarios: 21] menu-admin-gestionar-usuarios
[2025-12-02 12:00:48] [INFO ] [Login: 19] login
[2025-12-02 12:01:21] [INFO ] [Login: 36] alias: admin NO AUTH
[2025-12-02 12:11:23] [INFO ] [Login: 19] login
[2025-12-02 12:11:37] [INFO ] [Login: 36] alias: admin NO AUTH
[2025-12-02 12:17:05] [INFO ] [Login: 19] login
[2025-12-02 12:17:12] [INFO ] [Login: 36] alias: admin AUTH
[2025-12-02 12:17:12] [INFO ] [MenuAdmin: 21] menu-admin
[2025-12-03 17:49:20] [INFO ] [Login: 19] login
[2025-12-03 17:49:28] [INFO ] [Login: 36] alias: ADMIN NO AUTH
[2025-12-03 17:49:34] [INFO ] [Login: 36] alias: admin AUTH
[2025-12-03 17:49:34] [INFO ] [MenuAdmin: 21] menu-admin
[2025-12-03 18:24:36] [INFO ] [Login: 19] login
[2025-12-03 18:24:40] [INFO ] [Login: 36] alias: admin AUTH
[2025-12-03 18:24:40] [INFO ] [MenuAdmin: 21] menu-admin
[2025-12-03 18:25:03] [INFO ] [MenuAdminAvanzar: 23] menu-admin-avanzar
[2025-12-03 19:18:53] [INFO ] [Login: 19] login
[2025-12-03 19:18:59] [INFO ] [Login: 36] alias: admin AUTH
[2025-12-03 19:18:59] [INFO ] [MenuAdmin: 21] menu-admin
[2025-12-04 16:44:04] [INFO ] [Login: 19] login
[2025-12-04 16:44:12] [INFO ] [Login: 36] alias: admin AUTH
[2025-12-04 16:44:12] [INFO ] [MenuAdmin: 21] menu-admin
[2025-12-07 13:39:47] [INFO ] [Login: 19] login
[2025-12-07 13:39:55] [INFO ] [Login: 36] alias: admin AUTH
[2025-12-07 13:39:55] [INFO ] [MenuAdmin: 21] menu-admin
[2025-12-07 13:39:59] [INFO ] [MenuAdminAvanzar: 23] menu-admin-avanzar
[2025-12-07 13:40:18] [INFO ] [Login: 19] login
[2025-12-07 13:40:29] [INFO ] [Login: 36] alias: admin AUTH
[2025-12-07 13:40:29] [INFO ] [MenuAdmin: 21] menu-admin
[2025-12-07 13:40:46] [INFO ] [MenuAdminGestionarUsuarios: 21] menu-admin-gestionar-usuarios
[2026-01-01 13:54:35] [INFO ] [Login: 19] login
[2026-01-01 13:54:43] [INFO ] [Login: 36] alias: admin AUTH
[2026-01-01 13:54:43] [INFO ] [MenuAdmin: 21] menu-admin
[2026-01-01 13:54:58] [INFO ] [MenuAdminAvanzar: 23] menu-admin-avanzar
[2026-01-01 13:56:13] [INFO ] [MenuAdminAvanzar: 23] menu-admin-avanzar
